<?xml version="1.0" encoding="UTF-8"?>
<testng-results ignored="0" total="1" passed="1" failed="0" skipped="0">
  <reporter-output>
  </reporter-output>
  <suite started-at="2024-10-28T16:38:40 EDT" name="Suite" finished-at="2024-10-28T16:38:47 EDT" duration-ms="6337">
    <groups>
      <group name="Sanity">
        <method signature="TC01_AccountRegistration.registorDeatils()[pri:0, instance:testCases.TC01_AccountRegistration@268f106e]" name="registorDeatils" class="testCases.TC01_AccountRegistration"/>
      </group> <!-- Sanity -->
    </groups>
    <test started-at="2024-10-28T16:38:40 EDT" name="Grid_Docker" finished-at="2024-10-28T16:38:47 EDT" duration-ms="6337">
      <class name="testCases.TC01_AccountRegistration">
        <test-method is-config="true" signature="setup(java.lang.String,java.lang.String)[pri:0, instance:testCases.TC01_AccountRegistration@268f106e]" started-at="2024-10-28T16:38:40 EDT" name="setup" finished-at="2024-10-28T16:38:43 EDT" duration-ms="2410" status="PASS">
          <params>
            <param index="0">
              <value>
                <![CDATA[windows]]>
              </value>
            </param>
            <param index="1">
              <value>
                <![CDATA[chrome]]>
              </value>
            </param>
          </params>
          <reporter-output>
          </reporter-output>
        </test-method> <!-- setup -->
        <test-method signature="registorDeatils()[pri:0, instance:testCases.TC01_AccountRegistration@268f106e]" started-at="2024-10-28T16:38:43 EDT" name="registorDeatils" finished-at="2024-10-28T16:38:47 EDT" duration-ms="3630" status="PASS">
          <reporter-output>
          </reporter-output>
        </test-method> <!-- registorDeatils -->
        <test-method is-config="true" signature="shutdown()[pri:0, instance:testCases.TC01_AccountRegistration@268f106e]" started-at="2024-10-28T16:38:47 EDT" name="shutdown" finished-at="2024-10-28T16:38:47 EDT" duration-ms="208" status="PASS">
          <reporter-output>
          </reporter-output>
        </test-method> <!-- shutdown -->
      </class> <!-- testCases.TC01_AccountRegistration -->
    </test> <!-- Grid_Docker -->
  </suite> <!-- Suite -->
</testng-results>
